
/home/runner/work/exp-euclidean-space-vector-dei/exp-euclidean-space-vector-dei/experiment/simulation/js/main.js
   2:10  warning  'dispmenu' is defined but never used    no-unused-vars
  60:10  warning  'myFunction' is defined but never used  no-unused-vars

/home/runner/work/exp-euclidean-space-vector-dei/exp-euclidean-space-vector-dei/experiment/simulation/js/operations1.js
  1:10  warning  'showAdd' is defined but never used  no-unused-vars
  9:10  warning  'showMul' is defined but never used  no-unused-vars

/home/runner/work/exp-euclidean-space-vector-dei/exp-euclidean-space-vector-dei/experiment/simulation/js/scriptp3.js
    1:10  warning  'forn1' is defined but never used           no-unused-vars
   14:10  warning  'forn2' is defined but never used           no-unused-vars
   25:10  warning  'forn3' is defined but never used           no-unused-vars
   36:10  warning  'foranyn' is defined but never used         no-unused-vars
   49:10  warning  'openPage' is defined but never used        no-unused-vars
   64:12  warning  'onedspaceyes' is defined but never used    no-unused-vars
   79:12  warning  'onedspaceno' is defined but never used     no-unused-vars
   92:29  warning  'btn1' is not defined                       no-undef
   96:12  warning  'twodspaceyes' is defined but never used    no-unused-vars
  111:12  warning  'twodspaceno' is defined but never used     no-unused-vars
  127:12  warning  'threedspaceyes' is defined but never used  no-unused-vars
  142:12  warning  'threedspaceno' is defined but never used   no-unused-vars
  157:12  warning  'ndspacegeomyes' is defined but never used  no-unused-vars
  172:12  warning  'ndspacegeomno' is defined but never used   no-unused-vars

✖ 18 problems (0 errors, 18 warnings)

